# JRE version: OpenJDK Runtime Environment (17.0.11) (build 17.0.11+0--11852314)
# Java VM: OpenJDK 64-Bit Server VM (17.0.11+0--11852314, mixed mode, tiered, compressed oops, compressed class ptrs, g1 gc, windows-amd64)
GC Precious Log:
 CPUs: 28 total, 28 available
 Memory: 16091M
 Large Page Support: Disabled
 NUMA Support: Disabled
 Compressed Oops: Enabled (32-bit)
 Heap Region Size: 1M
 Heap Min Capacity: 8M
 Heap Initial Capacity: 252M
 Heap Max Capacity: 2G
 Pre-touch: Disabled
 Parallel Workers: 20
 Concurrent Workers: 5
 Concurrent Refinement Workers: 20
 Periodic GC: Disabled
Heap:
 garbage-first heap   total 116736K, used 67944K [0x0000000080000000, 0x0000000100000000)
  region size 1024K, 1 young (1024K), 1 survivors (1024K)
 Metaspace       used 60178K, committed 60736K, reserved 1114112K
  class space    used 8161K, committed 8448K, reserved 1048576K
GC Heap History (20 events):
Event: 2.512 GC heap after
{Heap after GC invocations=11 (full 0):
 garbage-first heap   total 94208K, used 30891K [0x0000000080000000, 0x0000000100000000)
  region size 1024K, 3 young (3072K), 3 survivors (3072K)
 Metaspace       used 42637K, committed 43136K, reserved 1114112K
  class space    used 5653K, committed 5888K, reserved 1048576K
}
Event: 2.862 GC heap before
{Heap before GC invocations=11 (full 0):
 garbage-first heap   total 94208K, used 70827K [0x0000000080000000, 0x0000000100000000)
  region size 1024K, 42 young (43008K), 3 survivors (3072K)
 Metaspace       used 47131K, committed 47616K, reserved 1114112K
  class space    used 6391K, committed 6592K, reserved 1048576K
}
Event: 2.864 GC heap after
{Heap after GC invocations=12 (full 0):
 garbage-first heap   total 94208K, used 33739K [0x0000000080000000, 0x0000000100000000)
  region size 1024K, 5 young (5120K), 5 survivors (5120K)
 Metaspace       used 47131K, committed 47616K, reserved 1114112K
  class space    used 6391K, committed 6592K, reserved 1048576K
}
Event: 3.233 GC heap before
{Heap before GC invocations=12 (full 0):
 garbage-first heap   total 94208K, used 72651K [0x0000000080000000, 0x0000000100000000)
  region size 1024K, 43 young (44032K), 5 survivors (5120K)
 Metaspace       used 52002K, committed 52416K, reserved 1114112K
  class space    used 7172K, committed 7360K, reserved 1048576K
}
Event: 3.235 GC heap after
{Heap after GC invocations=13 (full 0):
 garbage-first heap   total 94208K, used 36399K [0x0000000080000000, 0x0000000100000000)
  region size 1024K, 6 young (6144K), 6 survivors (6144K)
 Metaspace       used 52002K, committed 52416K, reserved 1114112K
  class space    used 7172K, committed 7360K, reserved 1048576K
}
Event: 3.588 GC heap before
{Heap before GC invocations=13 (full 0):
 garbage-first heap   total 94208K, used 73263K [0x0000000080000000, 0x0000000100000000)
  region size 1024K, 41 young (41984K), 6 survivors (6144K)
 Metaspace       used 56122K, committed 56640K, reserved 1114112K
  class space    used 7653K, committed 7936K, reserved 1048576K
}
Event: 3.590 GC heap after
{Heap after GC invocations=14 (full 0):
 garbage-first heap   total 94208K, used 40007K [0x0000000080000000, 0x0000000100000000)
  region size 1024K, 6 young (6144K), 6 survivors (6144K)
 Metaspace       used 56122K, committed 56640K, reserved 1114112K
  class space    used 7653K, committed 7936K, reserved 1048576K
}
Event: 3.802 GC heap before
{Heap before GC invocations=14 (full 0):
 garbage-first heap   total 94208K, used 71751K [0x0000000080000000, 0x0000000100000000)
  region size 1024K, 38 young (38912K), 6 survivors (6144K)
 Metaspace       used 57128K, committed 57664K, reserved 1114112K
  class space    used 7763K, committed 8000K, reserved 1048576K
}
Event: 3.804 GC heap after
{Heap after GC invocations=15 (full 0):
 garbage-first heap   total 94208K, used 44314K [0x0000000080000000, 0x0000000100000000)
  region size 1024K, 5 young (5120K), 5 survivors (5120K)
 Metaspace       used 57128K, committed 57664K, reserved 1114112K
  class space    used 7763K, committed 8000K, reserved 1048576K
}
Event: 3.944 GC heap before
{Heap before GC invocations=15 (full 0):
 garbage-first heap   total 94208K, used 71962K [0x0000000080000000, 0x0000000100000000)
  region size 1024K, 33 young (33792K), 5 survivors (5120K)
 Metaspace       used 57554K, committed 58112K, reserved 1114112K
  class space    used 7801K, committed 8064K, reserved 1048576K
}
Event: 3.945 GC heap after
{Heap after GC invocations=16 (full 0):
 garbage-first heap   total 94208K, used 45941K [0x0000000080000000, 0x0000000100000000)
  region size 1024K, 4 young (4096K), 4 survivors (4096K)
 Metaspace       used 57554K, committed 58112K, reserved 1114112K
  class space    used 7801K, committed 8064K, reserved 1048576K
}
Event: 3.960 GC heap before
{Heap before GC invocations=16 (full 0):
 garbage-first heap   total 94208K, used 46965K [0x0000000080000000, 0x0000000100000000)
  region size 1024K, 6 young (6144K), 4 survivors (4096K)
 Metaspace       used 57602K, committed 58112K, reserved 1114112K
  class space    used 7805K, committed 8064K, reserved 1048576K
}
Event: 3.961 GC heap after
{Heap after GC invocations=17 (full 0):
 garbage-first heap   total 94208K, used 46411K [0x0000000080000000, 0x0000000100000000)
  region size 1024K, 1 young (1024K), 1 survivors (1024K)
 Metaspace       used 57602K, committed 58112K, reserved 1114112K
  class space    used 7805K, committed 8064K, reserved 1048576K
}
Event: 4.343 GC heap before
{Heap before GC invocations=18 (full 0):
 garbage-first heap   total 94208K, used 85323K [0x0000000080000000, 0x0000000100000000)
  region size 1024K, 26 young (26624K), 1 survivors (1024K)
 Metaspace       used 58916K, committed 59456K, reserved 1114112K
  class space    used 8022K, committed 8256K, reserved 1048576K
}
Event: 4.346 GC heap after
{Heap after GC invocations=19 (full 0):
 garbage-first heap   total 95232K, used 66525K [0x0000000080000000, 0x0000000100000000)
  region size 1024K, 4 young (4096K), 4 survivors (4096K)
 Metaspace       used 58916K, committed 59456K, reserved 1114112K
  class space    used 8022K, committed 8256K, reserved 1048576K
}
Event: 4.355 GC heap before
{Heap before GC invocations=19 (full 0):
 garbage-first heap   total 95232K, used 67549K [0x0000000080000000, 0x0000000100000000)
  region size 1024K, 5 young (5120K), 4 survivors (4096K)
 Metaspace       used 59010K, committed 59520K, reserved 1114112K
  class space    used 8023K, committed 8256K, reserved 1048576K
}
Event: 4.356 GC heap after
{Heap after GC invocations=20 (full 0):
 garbage-first heap   total 95232K, used 66074K [0x0000000080000000, 0x0000000100000000)
  region size 1024K, 1 young (1024K), 1 survivors (1024K)
 Metaspace       used 59010K, committed 59520K, reserved 1114112K
  class space    used 8023K, committed 8256K, reserved 1048576K
}
Event: 4.400 GC heap before
{Heap before GC invocations=20 (full 0):
 garbage-first heap   total 95232K, used 69146K [0x0000000080000000, 0x0000000100000000)
  region size 1024K, 5 young (5120K), 1 survivors (1024K)
 Metaspace       used 59231K, committed 59776K, reserved 1114112K
  class space    used 8042K, committed 8320K, reserved 1048576K
}
Event: 4.401 GC heap after
{Heap after GC invocations=21 (full 0):
 garbage-first heap   total 95232K, used 66558K [0x0000000080000000, 0x0000000100000000)
  region size 1024K, 1 young (1024K), 1 survivors (1024K)
 Metaspace       used 59231K, committed 59776K, reserved 1114112K
  class space    used 8042K, committed 8320K, reserved 1048576K
}
Event: 4.520 GC heap before
{Heap before GC invocations=22 (full 0):
 garbage-first heap   total 116736K, used 78846K [0x0000000080000000, 0x0000000100000000)
  region size 1024K, 13 young (13312K), 1 survivors (1024K)
 Metaspace       used 60178K, committed 60736K, reserved 1114112K
  class space    used 8161K, committed 8448K, reserved 1048576K
}

